#
# There is insufficient memory for the Java Runtime Environment to continue.
# Native memory allocation (mmap) failed to map 81264640 bytes for committing reserved memory.
# Possible reasons:
#   The system is out of physical RAM or swap space
#   In 32 bit mode, the process size limit was hit
# Possible solutions:
#   Reduce memory load on the system
#   Increase physical memory or swap space
#   Check if swap backing store is full
#   Use 64 bit Java on a 64 bit OS
#   Decrease Java heap size (-Xmx/-Xms)
#   Decrease number of Java threads
#   Decrease Java thread stack sizes (-Xss)
#   Set larger code cache with -XX:ReservedCodeCacheSize=
# This output file may be truncated or incomplete.
#
#  Out of Memory Error (os_linux.cpp:2640), pid=12276, tid=0x00007f5e98599700
#
# JRE version:  (8.0_131-b11) (build )
# Java VM: Java HotSpot(TM) 64-Bit Server VM (25.131-b11 mixed mode linux-amd64 compressed oops)
# Failed to write core dump. Core dumps have been disabled. To enable core dumping, try "ulimit -c unlimited" before starting Java again
#

---------------  T H R E A D  ---------------

Current thread (0x00007f5e9000a800):  JavaThread "Unknown thread" [_thread_in_vm, id=12282, stack(0x00007f5e98499000,0x00007f5e9859a000)]

Stack: [0x00007f5e98499000,0x00007f5e9859a000],  sp=0x00007f5e985983c0,  free space=1020k
Native frames: (J=compiled Java code, j=interpreted, Vv=VM code, C=native code)
V  [libjvm.so+0xac826a]  VMError::report_and_die()+0x2ba
V  [libjvm.so+0x4fd4cb]  report_vm_out_of_memory(char const*, int, unsigned long, VMErrorType, char const*)+0x8b
V  [libjvm.so+0x924f53]  os::Linux::commit_memory_impl(char*, unsigned long, bool)+0x103
V  [libjvm.so+0x9254a9]  os::pd_commit_memory(char*, unsigned long, unsigned long, bool)+0x29
V  [libjvm.so+0x91f6ca]  os::commit_memory(char*, unsigned long, unsigned long, bool)+0x2a
V  [libjvm.so+0x9941e3]  PSVirtualSpace::expand_by(unsigned long)+0x53
V  [libjvm.so+0x9842f7]  PSOldGen::initialize(ReservedSpace, unsigned long, char const*, int)+0xb7
V  [libjvm.so+0x2d8cea]  AdjoiningGenerations::AdjoiningGenerations(ReservedSpace, GenerationSizer*, unsigned long)+0x39a
V  [libjvm.so+0x9485c6]  ParallelScavengeHeap::initialize()+0x1d6
V  [libjvm.so+0xa902e3]  Universe::initialize_heap()+0xf3
V  [libjvm.so+0xa9084e]  universe_init()+0x3e
V  [libjvm.so+0x63e3e5]  init_globals()+0x65
V  [libjvm.so+0xa73f3e]  Threads::create_vm(JavaVMInitArgs*, bool*)+0x23e
V  [libjvm.so+0x6d2ce4]  JNI_CreateJavaVM+0x74
C  [libjli.so+0x745e]  JavaMain+0x9e
C  [libpthread.so.0+0x76ba]  start_thread+0xca


---------------  P R O C E S S  ---------------

Java Threads: ( => current thread )

Other Threads:

=>0x00007f5e9000a800 (exited) JavaThread "Unknown thread" [_thread_in_vm, id=12282, stack(0x00007f5e98499000,0x00007f5e9859a000)]

VM state:not at safepoint (not fully initialized)

VM Mutex/Monitor currently owned by a thread: None

GC Heap History (0 events):
No events

Deoptimization events (0 events):
No events

Internal exceptions (0 events):
No events

Events (0 events):
No events


Dynamic libraries:
00400000-00401000 r-xp 00000000 08:02 7602227                            /home/dakshitha/Software/Java/jdk1.8.0_131/bin/java
00600000-00601000 rw-p 00000000 08:02 7602227                            /home/dakshitha/Software/Java/jdk1.8.0_131/bin/java
01ceb000-01d0c000 rw-p 00000000 00:00 0                                  [heap]
91380000-d9780000 ---p 00000000 00:00 0 
d9780000-dbe00000 rw-p 00000000 00:00 0 
dbe00000-100000000 ---p 00000000 00:00 0 
7f5e81000000-7f5e81270000 rwxp 00000000 00:00 0 
7f5e81270000-7f5e90000000 ---p 00000000 00:00 0 
7f5e90000000-7f5e90035000 rw-p 00000000 00:00 0 
7f5e90035000-7f5e94000000 ---p 00000000 00:00 0 
7f5e94c13000-7f5e94e9a000 rw-p 00000000 00:00 0 
7f5e94e9a000-7f5e95102000 ---p 00000000 00:00 0 
7f5e95102000-7f5e95116000 rw-p 00000000 00:00 0 
7f5e95116000-7f5e95237000 ---p 00000000 00:00 0 
7f5e95237000-7f5e95242000 rw-p 00000000 00:00 0 
7f5e95242000-7f5e955f8000 ---p 00000000 00:00 0 
7f5e955f8000-7f5e95612000 r-xp 00000000 08:02 7603978                    /home/dakshitha/Software/Java/jdk1.8.0_131/jre/lib/amd64/libzip.so
7f5e95612000-7f5e95812000 ---p 0001a000 08:02 7603978                    /home/dakshitha/Software/Java/jdk1.8.0_131/jre/lib/amd64/libzip.so
7f5e95812000-7f5e95813000 rw-p 0001a000 08:02 7603978                    /home/dakshitha/Software/Java/jdk1.8.0_131/jre/lib/amd64/libzip.so
7f5e95813000-7f5e9581e000 r-xp 00000000 08:02 4325472                    /lib/x86_64-linux-gnu/libnss_files-2.23.so
7f5e9581e000-7f5e95a1d000 ---p 0000b000 08:02 4325472                    /lib/x86_64-linux-gnu/libnss_files-2.23.so
7f5e95a1d000-7f5e95a1e000 r--p 0000a000 08:02 4325472                    /lib/x86_64-linux-gnu/libnss_files-2.23.so
7f5e95a1e000-7f5e95a1f000 rw-p 0000b000 08:02 4325472                    /lib/x86_64-linux-gnu/libnss_files-2.23.so
7f5e95a1f000-7f5e95a25000 rw-p 00000000 00:00 0 
7f5e95a25000-7f5e95a30000 r-xp 00000000 08:02 4329823                    /lib/x86_64-linux-gnu/libnss_nis-2.23.so
7f5e95a30000-7f5e95c2f000 ---p 0000b000 08:02 4329823                    /lib/x86_64-linux-gnu/libnss_nis-2.23.so
7f5e95c2f000-7f5e95c30000 r--p 0000a000 08:02 4329823                    /lib/x86_64-linux-gnu/libnss_nis-2.23.so
7f5e95c30000-7f5e95c31000 rw-p 0000b000 08:02 4329823                    /lib/x86_64-linux-gnu/libnss_nis-2.23.so
7f5e95c31000-7f5e95c47000 r-xp 00000000 08:02 4325390                    /lib/x86_64-linux-gnu/libnsl-2.23.so
7f5e95c47000-7f5e95e46000 ---p 00016000 08:02 4325390                    /lib/x86_64-linux-gnu/libnsl-2.23.so
7f5e95e46000-7f5e95e47000 r--p 00015000 08:02 4325390                    /lib/x86_64-linux-gnu/libnsl-2.23.so
7f5e95e47000-7f5e95e48000 rw-p 00016000 08:02 4325390                    /lib/x86_64-linux-gnu/libnsl-2.23.so
7f5e95e48000-7f5e95e4a000 rw-p 00000000 00:00 0 
7f5e95e4a000-7f5e95e52000 r-xp 00000000 08:02 4325467                    /lib/x86_64-linux-gnu/libnss_compat-2.23.so
7f5e95e52000-7f5e96051000 ---p 00008000 08:02 4325467                    /lib/x86_64-linux-gnu/libnss_compat-2.23.so
7f5e96051000-7f5e96052000 r--p 00007000 08:02 4325467                    /lib/x86_64-linux-gnu/libnss_compat-2.23.so
7f5e96052000-7f5e96053000 rw-p 00008000 08:02 4325467                    /lib/x86_64-linux-gnu/libnss_compat-2.23.so
7f5e96053000-7f5e9607e000 r-xp 00000000 08:02 7603972                    /home/dakshitha/Software/Java/jdk1.8.0_131/jre/lib/amd64/libjava.so
7f5e9607e000-7f5e9627d000 ---p 0002b000 08:02 7603972                    /home/dakshitha/Software/Java/jdk1.8.0_131/jre/lib/amd64/libjava.so
7f5e9627d000-7f5e9627f000 rw-p 0002a000 08:02 7603972                    /home/dakshitha/Software/Java/jdk1.8.0_131/jre/lib/amd64/libjava.so
7f5e9627f000-7f5e9628c000 r-xp 00000000 08:02 7603977                    /home/dakshitha/Software/Java/jdk1.8.0_131/jre/lib/amd64/libverify.so
7f5e9628c000-7f5e9648b000 ---p 0000d000 08:02 7603977                    /home/dakshitha/Software/Java/jdk1.8.0_131/jre/lib/amd64/libverify.so
7f5e9648b000-7f5e9648d000 rw-p 0000c000 08:02 7603977                    /home/dakshitha/Software/Java/jdk1.8.0_131/jre/lib/amd64/libverify.so
7f5e9648d000-7f5e96494000 r-xp 00000000 08:02 4329824                    /lib/x86_64-linux-gnu/librt-2.23.so
7f5e96494000-7f5e96693000 ---p 00007000 08:02 4329824                    /lib/x86_64-linux-gnu/librt-2.23.so
7f5e96693000-7f5e96694000 r--p 00006000 08:02 4329824                    /lib/x86_64-linux-gnu/librt-2.23.so
7f5e96694000-7f5e96695000 rw-p 00007000 08:02 4329824                    /lib/x86_64-linux-gnu/librt-2.23.so
7f5e96695000-7f5e9679d000 r-xp 00000000 08:02 4325381                    /lib/x86_64-linux-gnu/libm-2.23.so
7f5e9679d000-7f5e9699c000 ---p 00108000 08:02 4325381                    /lib/x86_64-linux-gnu/libm-2.23.so
7f5e9699c000-7f5e9699d000 r--p 00107000 08:02 4325381                    /lib/x86_64-linux-gnu/libm-2.23.so
7f5e9699d000-7f5e9699e000 rw-p 00108000 08:02 4325381                    /lib/x86_64-linux-gnu/libm-2.23.so
7f5e9699e000-7f5e9766d000 r-xp 00000000 08:02 7603955                    /home/dakshitha/Software/Java/jdk1.8.0_131/jre/lib/amd64/server/libjvm.so
7f5e9766d000-7f5e9786d000 ---p 00ccf000 08:02 7603955                    /home/dakshitha/Software/Java/jdk1.8.0_131/jre/lib/amd64/server/libjvm.so
7f5e9786d000-7f5e97946000 rw-p 00ccf000 08:02 7603955                    /home/dakshitha/Software/Java/jdk1.8.0_131/jre/lib/amd64/server/libjvm.so
7f5e97946000-7f5e97991000 rw-p 00000000 00:00 0 
7f5e97991000-7f5e97b51000 r-xp 00000000 08:02 4325459                    /lib/x86_64-linux-gnu/libc-2.23.so
7f5e97b51000-7f5e97d51000 ---p 001c0000 08:02 4325459                    /lib/x86_64-linux-gnu/libc-2.23.so
7f5e97d51000-7f5e97d55000 r--p 001c0000 08:02 4325459                    /lib/x86_64-linux-gnu/libc-2.23.so
7f5e97d55000-7f5e97d57000 rw-p 001c4000 08:02 4325459                    /lib/x86_64-linux-gnu/libc-2.23.so
7f5e97d57000-7f5e97d5b000 rw-p 00000000 00:00 0 
7f5e97d5b000-7f5e97d5e000 r-xp 00000000 08:02 4325461                    /lib/x86_64-linux-gnu/libdl-2.23.so
7f5e97d5e000-7f5e97f5d000 ---p 00003000 08:02 4325461                    /lib/x86_64-linux-gnu/libdl-2.23.so
7f5e97f5d000-7f5e97f5e000 r--p 00002000 08:02 4325461                    /lib/x86_64-linux-gnu/libdl-2.23.so
7f5e97f5e000-7f5e97f5f000 rw-p 00003000 08:02 4325461                    /lib/x86_64-linux-gnu/libdl-2.23.so
7f5e97f5f000-7f5e97f74000 r-xp 00000000 08:02 7603588                    /home/dakshitha/Software/Java/jdk1.8.0_131/lib/amd64/jli/libjli.so
7f5e97f74000-7f5e98174000 ---p 00015000 08:02 7603588                    /home/dakshitha/Software/Java/jdk1.8.0_131/lib/amd64/jli/libjli.so
7f5e98174000-7f5e98175000 rw-p 00015000 08:02 7603588                    /home/dakshitha/Software/Java/jdk1.8.0_131/lib/amd64/jli/libjli.so
7f5e98175000-7f5e9818d000 r-xp 00000000 08:02 4325401                    /lib/x86_64-linux-gnu/libpthread-2.23.so
7f5e9818d000-7f5e9838c000 ---p 00018000 08:02 4325401                    /lib/x86_64-linux-gnu/libpthread-2.23.so
7f5e9838c000-7f5e9838d000 r--p 00017000 08:02 4325401                    /lib/x86_64-linux-gnu/libpthread-2.23.so
7f5e9838d000-7f5e9838e000 rw-p 00018000 08:02 4325401                    /lib/x86_64-linux-gnu/libpthread-2.23.so
7f5e9838e000-7f5e98392000 rw-p 00000000 00:00 0 
7f5e98392000-7f5e983b8000 r-xp 00000000 08:02 4325393                    /lib/x86_64-linux-gnu/ld-2.23.so
7f5e98499000-7f5e9849c000 ---p 00000000 00:00 0 
7f5e9849c000-7f5e9859f000 rw-p 00000000 00:00 0 
7f5e985ad000-7f5e985b5000 rw-s 00000000 08:02 1448269                    /tmp/hsperfdata_dakshitha/12276
7f5e985b5000-7f5e985b6000 rw-p 00000000 00:00 0 
7f5e985b6000-7f5e985b7000 r--p 00000000 00:00 0 
7f5e985b7000-7f5e985b8000 r--p 00025000 08:02 4325393                    /lib/x86_64-linux-gnu/ld-2.23.so
7f5e985b8000-7f5e985b9000 rw-p 00026000 08:02 4325393                    /lib/x86_64-linux-gnu/ld-2.23.so
7f5e985b9000-7f5e985ba000 rw-p 00000000 00:00 0 
7fff81514000-7fff81536000 rw-p 00000000 00:00 0                          [stack]
7fff81542000-7fff81545000 r--p 00000000 00:00 0                          [vvar]
7fff81545000-7fff81547000 r-xp 00000000 00:00 0                          [vdso]
ffffffffff600000-ffffffffff601000 r-xp 00000000 00:00 0                  [vsyscall]

VM Arguments:
jvm_args: -Dfile.encoding=UTF-8 
java_command: com.ibm.oauth.OAuth2Client
java_class_path (initial): /home/dakshitha/Software/Java/jdk1.8.0_131/jre/lib/resources.jar:/home/dakshitha/Software/Java/jdk1.8.0_131/jre/lib/rt.jar:/home/dakshitha/Software/Java/jdk1.8.0_131/jre/lib/jsse.jar:/home/dakshitha/Software/Java/jdk1.8.0_131/jre/lib/jce.jar:/home/dakshitha/Software/Java/jdk1.8.0_131/jre/lib/charsets.jar:/home/dakshitha/Software/Java/jdk1.8.0_131/jre/lib/jfr.jar:/home/dakshitha/Software/Java/jdk1.8.0_131/jre/lib/ext/jaccess.jar:/home/dakshitha/Software/Java/jdk1.8.0_131/jre/lib/ext/jfxrt.jar:/home/dakshitha/Software/Java/jdk1.8.0_131/jre/lib/ext/sunpkcs11.jar:/home/dakshitha/Software/Java/jdk1.8.0_131/jre/lib/ext/cldrdata.jar:/home/dakshitha/Software/Java/jdk1.8.0_131/jre/lib/ext/dnsns.jar:/home/dakshitha/Software/Java/jdk1.8.0_131/jre/lib/ext/sunec.jar:/home/dakshitha/Software/Java/jdk1.8.0_131/jre/lib/ext/localedata.jar:/home/dakshitha/Software/Java/jdk1.8.0_131/jre/lib/ext/zipfs.jar:/home/dakshitha/Software/Java/jdk1.8.0_131/jre/lib/ext/nashorn.jar:/home/dakshitha/Software/Java/jdk1.8.0_131/jre/lib/ext/sunjce_provider.jar:/home/dakshitha/API-Manager/Client_Apps/OAuth2.0/bin:/home/dakshitha/API-Manager/Client_Apps/OAuth2.0_clientCredentials/lib/commons-codec-1.6.jar:/home/dakshitha/API-Manager/Client_Apps/OAuth2.0_clientCredentials/lib/commons-logging-1.1.1.jar:/home/dakshitha/API-Manager/Client_Apps/OAuth2.0_clientCredentials/lib/httpclient-4.2.5.jar:/home/dakshitha/API-Manager/Client_Apps/OAuth2.0_clientCredentials/lib/httpclient-cache-4.2.5.jar:/home/dakshitha/API-Manager/Client_Apps/OAuth2.0_clientCredentials/lib/httpcore-4.2.4.jar:/home/dakshitha/API-Manager/Client_Apps/OAuth2.0_clientCredentials/lib/httpmime-4.2.5.jar:/home/dakshitha/API-Manager/Client_Apps/OAuth2.0_clientCredentials/lib/json-simple-1.1.1.jar
Launcher Type: SUN_STANDARD

Environment Variables:
PATH=/home/dakshitha/bin:/home/dakshitha/.local/bin:/usr/local/sbin:/usr/local/bin:/usr/sbin:/usr/bin:/sbin:/bin:/usr/games:/usr/local/games:/snap/bin:/usr/local/wum/bin:/usr/local/wum/bin
SHELL=/bin/bash
DISPLAY=:0

Signal Handlers:
SIGSEGV: [libjvm.so+0xac8af0], sa_mask[0]=11111111011111111101111111111110, sa_flags=SA_RESTART|SA_SIGINFO
SIGBUS: [libjvm.so+0xac8af0], sa_mask[0]=11111111011111111101111111111110, sa_flags=SA_RESTART|SA_SIGINFO
SIGFPE: [libjvm.so+0x921dd0], sa_mask[0]=11111111011111111101111111111110, sa_flags=SA_RESTART|SA_SIGINFO
SIGPIPE: [libjvm.so+0x921dd0], sa_mask[0]=11111111011111111101111111111110, sa_flags=SA_RESTART|SA_SIGINFO
SIGXFSZ: [libjvm.so+0x921dd0], sa_mask[0]=11111111011111111101111111111110, sa_flags=SA_RESTART|SA_SIGINFO
SIGILL: [libjvm.so+0x921dd0], sa_mask[0]=11111111011111111101111111111110, sa_flags=SA_RESTART|SA_SIGINFO
SIGUSR1: SIG_DFL, sa_mask[0]=00000000000000000000000000000000, sa_flags=none
SIGUSR2: [libjvm.so+0x923610], sa_mask[0]=00100000000000000000000000000000, sa_flags=SA_RESTART|SA_SIGINFO
SIGHUP: SIG_DFL, sa_mask[0]=00000000000000000000000000000000, sa_flags=none
SIGINT: SIG_DFL, sa_mask[0]=00000000000000000000000000000000, sa_flags=none
SIGTERM: SIG_DFL, sa_mask[0]=00000000000000000000000000000000, sa_flags=none
SIGQUIT: SIG_DFL, sa_mask[0]=00000000000000000000000000000000, sa_flags=none


---------------  S Y S T E M  ---------------

OS:DISTRIB_ID=Ubuntu
DISTRIB_RELEASE=16.04
DISTRIB_CODENAME=xenial
DISTRIB_DESCRIPTION="Ubuntu 16.04.2 LTS"

uname:Linux 4.13.0-32-generic #35~16.04.1-Ubuntu SMP Thu Jan 25 10:13:43 UTC 2018 x86_64
libc:glibc 2.23 NPTL 2.23 
rlimit: STACK 8192k, CORE 0k, NPROC 29370, NOFILE 1048576, AS infinity
load average:9.13 6.16 3.60

/proc/meminfo:
MemTotal:        7571436 kB
MemFree:          113488 kB
MemAvailable:      26936 kB
Buffers:             780 kB
Cached:           768972 kB
SwapCached:            0 kB
Active:          6368008 kB
Inactive:         749896 kB
Active(anon):    6349772 kB
Inactive(anon):   729944 kB
Active(file):      18236 kB
Inactive(file):    19952 kB
Unevictable:          80 kB
Mlocked:              80 kB
SwapTotal:             0 kB
SwapFree:              0 kB
Dirty:                84 kB
Writeback:             0 kB
AnonPages:       6348444 kB
Mapped:           335004 kB
Shmem:            731352 kB
Slab:             150940 kB
SReclaimable:      58788 kB
SUnreclaim:        92152 kB
KernelStack:       31792 kB
PageTables:        84308 kB
NFS_Unstable:          0 kB
Bounce:                0 kB
WritebackTmp:          0 kB
CommitLimit:     3785716 kB
Committed_AS:   17285820 kB
VmallocTotal:   34359738367 kB
VmallocUsed:           0 kB
VmallocChunk:          0 kB
HardwareCorrupted:     0 kB
AnonHugePages:         0 kB
ShmemHugePages:        0 kB
ShmemPmdMapped:        0 kB
CmaTotal:              0 kB
CmaFree:               0 kB
HugePages_Total:       0
HugePages_Free:        0
HugePages_Rsvd:        0
HugePages_Surp:        0
Hugepagesize:       2048 kB
DirectMap4k:      225932 kB
DirectMap2M:     7559168 kB
DirectMap1G:           0 kB


CPU:total 4 (initial active 4) (2 cores per cpu, 2 threads per core) family 6 model 78 stepping 3, cmov, cx8, fxsr, mmx, sse, sse2, sse3, ssse3, sse4.1, sse4.2, popcnt, avx, avx2, aes, clmul, erms, 3dnowpref, lzcnt, ht, tsc, tscinvbit, bmi1, bmi2, adx

/proc/cpuinfo:
processor	: 0
vendor_id	: GenuineIntel
cpu family	: 6
model		: 78
model name	: Intel(R) Core(TM) i7-6500U CPU @ 2.50GHz
stepping	: 3
microcode	: 0x7c
cpu MHz		: 2600.000
cache size	: 4096 KB
physical id	: 0
siblings	: 4
core id		: 0
cpu cores	: 2
apicid		: 0
initial apicid	: 0
fpu		: yes
fpu_exception	: yes
cpuid level	: 22
wp		: yes
flags		: fpu vme de pse tsc msr pae mce cx8 apic sep mtrr pge mca cmov pat pse36 clflush dts acpi mmx fxsr sse sse2 ss ht tm pbe syscall nx pdpe1gb rdtscp lm constant_tsc art arch_perfmon pebs bts rep_good nopl xtopology nonstop_tsc cpuid aperfmperf tsc_known_freq pni pclmulqdq dtes64 monitor ds_cpl vmx est tm2 ssse3 sdbg fma cx16 xtpr pdcm pcid sse4_1 sse4_2 x2apic movbe popcnt aes xsave avx f16c rdrand lahf_lm abm 3dnowprefetch cpuid_fault epb invpcid_single pti intel_pt tpr_shadow vnmi flexpriority ept vpid fsgsbase tsc_adjust bmi1 avx2 smep bmi2 erms invpcid mpx rdseed adx smap clflushopt xsaveopt xsavec xgetbv1 xsaves dtherm ida arat pln pts hwp hwp_notify hwp_act_window hwp_epp
bugs		: cpu_meltdown spectre_v1 spectre_v2
bogomips	: 5184.00
clflush size	: 64
cache_alignment	: 64
address sizes	: 39 bits physical, 48 bits virtual
power management:

processor	: 1
vendor_id	: GenuineIntel
cpu family	: 6
model		: 78
model name	: Intel(R) Core(TM) i7-6500U CPU @ 2.50GHz
stepping	: 3
microcode	: 0x7c
cpu MHz		: 2600.000
cache size	: 4096 KB
physical id	: 0
siblings	: 4
core id		: 1
cpu cores	: 2
apicid		: 2
initial apicid	: 2
fpu		: yes
fpu_exception	: yes
cpuid level	: 22
wp		: yes
flags		: fpu vme de pse tsc msr pae mce cx8 apic sep mtrr pge mca cmov pat pse36 clflush dts acpi mmx fxsr sse sse2 ss ht tm pbe syscall nx pdpe1gb rdtscp lm constant_tsc art arch_perfmon pebs bts rep_good nopl xtopology nonstop_tsc cpuid aperfmperf tsc_known_freq pni pclmulqdq dtes64 monitor ds_cpl vmx est tm2 ssse3 sdbg fma cx16 xtpr pdcm pcid sse4_1 sse4_2 x2apic movbe popcnt aes xsave avx f16c rdrand lahf_lm abm 3dnowprefetch cpuid_fault epb invpcid_single pti intel_pt tpr_shadow vnmi flexpriority ept vpid fsgsbase tsc_adjust bmi1 avx2 smep bmi2 erms invpcid mpx rdseed adx smap clflushopt xsaveopt xsavec xgetbv1 xsaves dtherm ida arat pln pts hwp hwp_notify hwp_act_window hwp_epp
bugs		: cpu_meltdown spectre_v1 spectre_v2
bogomips	: 5184.00
clflush size	: 64
cache_alignment	: 64
address sizes	: 39 bits physical, 48 bits virtual
power management:

processor	: 2
vendor_id	: GenuineIntel
cpu family	: 6
model		: 78
model name	: Intel(R) Core(TM) i7-6500U CPU @ 2.50GHz
stepping	: 3
microcode	: 0x7c
cpu MHz		: 2600.000
cache size	: 4096 KB
physical id	: 0
siblings	: 4
core id		: 0
cpu cores	: 2
apicid		: 1
initial apicid	: 1
fpu		: yes
fpu_exception	: yes
cpuid level	: 22
wp		: yes
flags		: fpu vme de pse tsc msr pae mce cx8 apic sep mtrr pge mca cmov pat pse36 clflush dts acpi mmx fxsr sse sse2 ss ht tm pbe syscall nx pdpe1gb rdtscp lm constant_tsc art arch_perfmon pebs bts rep_good nopl xtopology nonstop_tsc cpuid aperfmperf tsc_known_freq pni pclmulqdq dtes64 monitor ds_cpl vmx est tm2 ssse3 sdbg fma cx16 xtpr pdcm pcid sse4_1 sse4_2 x2apic movbe popcnt aes xsave avx f16c rdrand lahf_lm abm 3dnowprefetch cpuid_fault epb invpcid_single pti intel_pt tpr_shadow vnmi flexpriority ept vpid fsgsbase tsc_adjust bmi1 avx2 smep bmi2 erms invpcid mpx rdseed adx smap clflushopt xsaveopt xsavec xgetbv1 xsaves dtherm ida arat pln pts hwp hwp_notify hwp_act_window hwp_epp
bugs		: cpu_meltdown spectre_v1 spectre_v2
bogomips	: 5184.00
clflush size	: 64
cache_alignment	: 64
address sizes	: 39 bits physical, 48 bits virtual
power management:

processor	: 3
vendor_id	: GenuineIntel
cpu family	: 6
model		: 78
model name	: Intel(R) Core(TM) i7-6500U CPU @ 2.50GHz
stepping	: 3
microcode	: 0x7c
cpu MHz		: 2600.000
cache size	: 4096 KB
physical id	: 0
siblings	: 4
core id		: 1
cpu cores	: 2
apicid		: 3
initial apicid	: 3
fpu		: yes
fpu_exception	: yes
cpuid level	: 22
wp		: yes
flags		: fpu vme de pse tsc msr pae mce cx8 apic sep mtrr pge mca cmov pat pse36 clflush dts acpi mmx fxsr sse sse2 ss ht tm pbe syscall nx pdpe1gb rdtscp lm constant_tsc art arch_perfmon pebs bts rep_good nopl xtopology nonstop_tsc cpuid aperfmperf tsc_known_freq pni pclmulqdq dtes64 monitor ds_cpl vmx est tm2 ssse3 sdbg fma cx16 xtpr pdcm pcid sse4_1 sse4_2 x2apic movbe popcnt aes xsave avx f16c rdrand lahf_lm abm 3dnowprefetch cpuid_fault epb invpcid_single pti intel_pt tpr_shadow vnmi flexpriority ept vpid fsgsbase tsc_adjust bmi1 avx2 smep bmi2 erms invpcid mpx rdseed adx smap clflushopt xsaveopt xsavec xgetbv1 xsaves dtherm ida arat pln pts hwp hwp_notify hwp_act_window hwp_epp
bugs		: cpu_meltdown spectre_v1 spectre_v2
bogomips	: 5184.00
clflush size	: 64
cache_alignment	: 64
address sizes	: 39 bits physical, 48 bits virtual
power management:



Memory: 4k page, physical 7571436k(113488k free), swap 0k(0k free)

vm_info: Java HotSpot(TM) 64-Bit Server VM (25.131-b11) for linux-amd64 JRE (1.8.0_131-b11), built on Mar 15 2017 01:23:40 by "java_re" with gcc 4.3.0 20080428 (Red Hat 4.3.0-8)

time: Wed Mar 21 02:44:50 2018
elapsed time: 0 seconds (0d 0h 0m 0s)

